{"C:\\Users\\PC\\OneDrive\\Documents\\cursos\\talento digital - frontend\\modulo7\\practicas\\m7-bursatil-vue\\src\\components\\FilterInput.vue": {"path":"C:\\Users\\PC\\OneDrive\\Documents\\cursos\\talento digital - frontend\\modulo7\\practicas\\m7-bursatil-vue\\src\\components\\FilterInput.vue","statementMap":{"0":{"start":{"line":2,"column":4},"end":{"line":7,"column":null}},"1":{"start":{"line":7,"column":14},"end":{"line":7,"column":null}}},"fnMap":{"0":{"name":"(anonymous_0)","decl":{"start":{"line":7,"column":12},"end":{"line":7,"column":14}},"loc":{"start":{"line":7,"column":14},"end":{"line":7,"column":null}},"line":7}},"branchMap":{"0":{"loc":{"start":{"line":7,"column":12},"end":{"line":7,"column":null}},"type":"binary-expr","locations":[{"start":{"line":7,"column":12},"end":{"line":7,"column":14}},{"start":{"line":7,"column":12},"end":{"line":7,"column":null}}],"line":7}},"s":{"0":17,"1":14},"f":{"0":14},"b":{"0":[17,12]},"meta":{"lastBranch":1,"lastFunction":1,"lastStatement":2,"seen":{"s:2:4:7:Infinity":0,"b:7:12:7:14:7:12:7:Infinity":0,"f:7:12:7:14":0,"s:7:14:7:Infinity":1}}}
,"C:\\Users\\PC\\OneDrive\\Documents\\cursos\\talento digital - frontend\\modulo7\\practicas\\m7-bursatil-vue\\src\\components\\Loader.vue": {"path":"C:\\Users\\PC\\OneDrive\\Documents\\cursos\\talento digital - frontend\\modulo7\\practicas\\m7-bursatil-vue\\src\\components\\Loader.vue","statementMap":{"0":{"start":{"line":2,"column":9},"end":{"line":2,"column":21}},"1":{"start":{"line":2,"column":4},"end":{"line":4,"column":10}}},"fnMap":{},"branchMap":{},"s":{"0":1,"1":13},"f":{},"b":{},"meta":{"lastBranch":0,"lastFunction":0,"lastStatement":2,"seen":{"s:2:9:2:21":0,"s:2:4:4:10":1}}}
,"C:\\Users\\PC\\OneDrive\\Documents\\cursos\\talento digital - frontend\\modulo7\\practicas\\m7-bursatil-vue\\src\\components\\MarketTable.vue": {"path":"C:\\Users\\PC\\OneDrive\\Documents\\cursos\\talento digital - frontend\\modulo7\\practicas\\m7-bursatil-vue\\src\\components\\MarketTable.vue","statementMap":{"0":{"start":{"line":32,"column":17},"end":{"line":36,"column":18}},"1":{"start":{"line":33,"column":4},"end":{"line":36,"column":18}},"2":{"start":{"line":2,"column":11},"end":{"line":2,"column":null}},"3":{"start":{"line":2,"column":4},"end":{"line":23,"column":49}},"4":{"start":{"line":12,"column":8},"end":{"line":23,"column":49}}},"fnMap":{"0":{"name":"(anonymous_0)","decl":{"start":{"line":32,"column":17},"end":{"line":32,"column":20}},"loc":{"start":{"line":33,"column":4},"end":{"line":36,"column":18}},"line":33},"1":{"name":"(anonymous_1)","decl":{"start":{"line":12,"column":33},"end":{"line":12,"column":36}},"loc":{"start":{"line":12,"column":24},"end":{"line":23,"column":49}},"line":12}},"branchMap":{"0":{"loc":{"start":{"line":3,"column":6},"end":{"line":8,"column":29}},"type":"binary-expr","locations":[{"start":{"line":3,"column":6},"end":{"line":3,"column":null}},{"start":{"line":3,"column":6},"end":{"line":8,"column":29}}],"line":3},"1":{"loc":{"start":{"line":19,"column":20},"end":{"line":19,"column":null}},"type":"cond-expr","locations":[{"start":{"line":19,"column":53},"end":{"line":19,"column":null}},{"start":{"line":19,"column":53},"end":{"line":19,"column":null}}],"line":19}},"s":{"0":9,"1":38,"2":1,"3":11,"4":19},"f":{"0":38,"1":19},"b":{"0":[11,9],"1":[10,9]},"meta":{"lastBranch":2,"lastFunction":2,"lastStatement":5,"seen":{"s:32:17:36:18":0,"f:32:17:32:20":0,"s:33:4:36:18":1,"s:2:11:2:Infinity":2,"s:2:4:23:49":3,"b:3:6:3:Infinity:3:6:8:29":0,"f:12:33:12:36":1,"s:12:8:23:49":4,"b:19:53:19:Infinity:19:53:19:Infinity":1}}}
,"C:\\Users\\PC\\OneDrive\\Documents\\cursos\\talento digital - frontend\\modulo7\\practicas\\m7-bursatil-vue\\src\\stores\\auth.js": {"path":"C:\\Users\\PC\\OneDrive\\Documents\\cursos\\talento digital - frontend\\modulo7\\practicas\\m7-bursatil-vue\\src\\stores\\auth.js","statementMap":{"0":{"start":{"line":245,"column":27},"end":{"line":470,"column":null}},"1":{"start":{"line":246,"column":16},"end":{"line":253,"column":3}},"2":{"start":{"line":256,"column":32},"end":{"line":256,"column":44}},"3":{"start":{"line":257,"column":26},"end":{"line":257,"column":49}},"4":{"start":{"line":258,"column":32},"end":{"line":258,"column":68}},"5":{"start":{"line":259,"column":25},"end":{"line":259,"column":58}},"6":{"start":{"line":265,"column":5},"end":{"line":281,"column":null}},"7":{"start":{"line":267,"column":8},"end":{"line":267,"column":null}},"8":{"start":{"line":268,"column":8},"end":{"line":268,"column":null}},"9":{"start":{"line":270,"column":8},"end":{"line":279,"column":null}},"10":{"start":{"line":271,"column":10},"end":{"line":271,"column":null}},"11":{"start":{"line":272,"column":10},"end":{"line":272,"column":null}},"12":{"start":{"line":274,"column":10},"end":{"line":274,"column":null}},"13":{"start":{"line":276,"column":10},"end":{"line":276,"column":null}},"14":{"start":{"line":277,"column":10},"end":{"line":277,"column":null}},"15":{"start":{"line":278,"column":10},"end":{"line":278,"column":null}},"16":{"start":{"line":280,"column":8},"end":{"line":280,"column":null}},"17":{"start":{"line":286,"column":6},"end":{"line":300,"column":null}},"18":{"start":{"line":287,"column":22},"end":{"line":287,"column":null}},"19":{"start":{"line":288,"column":24},"end":{"line":288,"column":null}},"20":{"start":{"line":290,"column":8},"end":{"line":290,"column":null}},"21":{"start":{"line":291,"column":8},"end":{"line":296,"column":null}},"22":{"start":{"line":293,"column":10},"end":{"line":293,"column":null}},"23":{"start":{"line":295,"column":10},"end":{"line":295,"column":null}},"24":{"start":{"line":298,"column":8},"end":{"line":298,"column":null}},"25":{"start":{"line":299,"column":8},"end":{"line":299,"column":null}},"26":{"start":{"line":305,"column":6},"end":{"line":305,"column":null}},"27":{"start":{"line":305,"column":22},"end":{"line":305,"column":null}},"28":{"start":{"line":307,"column":6},"end":{"line":307,"column":null}},"29":{"start":{"line":308,"column":6},"end":{"line":308,"column":null}},"30":{"start":{"line":310,"column":6},"end":{"line":337,"column":null}},"31":{"start":{"line":311,"column":23},"end":{"line":311,"column":null}},"32":{"start":{"line":314,"column":27},"end":{"line":321,"column":null}},"33":{"start":{"line":324,"column":8},"end":{"line":324,"column":null}},"34":{"start":{"line":327,"column":8},"end":{"line":327,"column":null}},"35":{"start":{"line":328,"column":8},"end":{"line":328,"column":null}},"36":{"start":{"line":330,"column":8},"end":{"line":330,"column":null}},"37":{"start":{"line":332,"column":8},"end":{"line":332,"column":null}},"38":{"start":{"line":333,"column":8},"end":{"line":333,"column":null}},"39":{"start":{"line":334,"column":8},"end":{"line":334,"column":null}},"40":{"start":{"line":336,"column":8},"end":{"line":336,"column":null}},"41":{"start":{"line":342,"column":6},"end":{"line":342,"column":null}},"42":{"start":{"line":342,"column":22},"end":{"line":342,"column":null}},"43":{"start":{"line":344,"column":6},"end":{"line":344,"column":null}},"44":{"start":{"line":345,"column":6},"end":{"line":345,"column":null}},"45":{"start":{"line":347,"column":6},"end":{"line":367,"column":null}},"46":{"start":{"line":348,"column":23},"end":{"line":348,"column":null}},"47":{"start":{"line":350,"column":28},"end":{"line":354,"column":null}},"48":{"start":{"line":356,"column":8},"end":{"line":356,"column":null}},"49":{"start":{"line":358,"column":8},"end":{"line":358,"column":null}},"50":{"start":{"line":360,"column":8},"end":{"line":360,"column":null}},"51":{"start":{"line":362,"column":8},"end":{"line":362,"column":null}},"52":{"start":{"line":363,"column":8},"end":{"line":363,"column":null}},"53":{"start":{"line":364,"column":8},"end":{"line":364,"column":null}},"54":{"start":{"line":366,"column":8},"end":{"line":366,"column":null}},"55":{"start":{"line":372,"column":6},"end":{"line":372,"column":null}},"56":{"start":{"line":373,"column":6},"end":{"line":373,"column":null}},"57":{"start":{"line":374,"column":6},"end":{"line":404,"column":null}},"58":{"start":{"line":375,"column":30},"end":{"line":375,"column":null}},"59":{"start":{"line":377,"column":8},"end":{"line":379,"column":null}},"60":{"start":{"line":378,"column":10},"end":{"line":378,"column":null}},"61":{"start":{"line":381,"column":31},"end":{"line":381,"column":null}},"62":{"start":{"line":382,"column":8},"end":{"line":382,"column":null}},"63":{"start":{"line":385,"column":8},"end":{"line":385,"column":null}},"64":{"start":{"line":388,"column":8},"end":{"line":388,"column":null}},"65":{"start":{"line":389,"column":8},"end":{"line":389,"column":null}},"66":{"start":{"line":391,"column":8},"end":{"line":394,"column":null}},"67":{"start":{"line":396,"column":8},"end":{"line":396,"column":null}},"68":{"start":{"line":397,"column":8},"end":{"line":397,"column":null}},"69":{"start":{"line":398,"column":8},"end":{"line":401,"column":null}},"70":{"start":{"line":403,"column":8},"end":{"line":403,"column":null}},"71":{"start":{"line":409,"column":6},"end":{"line":409,"column":null}},"72":{"start":{"line":410,"column":6},"end":{"line":410,"column":null}},"73":{"start":{"line":411,"column":6},"end":{"line":411,"column":null}},"74":{"start":{"line":412,"column":6},"end":{"line":412,"column":null}},"75":{"start":{"line":413,"column":6},"end":{"line":438,"column":null}},"76":{"start":{"line":414,"column":30},"end":{"line":414,"column":null}},"77":{"start":{"line":416,"column":31},"end":{"line":416,"column":null}},"78":{"start":{"line":417,"column":8},"end":{"line":417,"column":null}},"79":{"start":{"line":418,"column":8},"end":{"line":418,"column":null}},"80":{"start":{"line":419,"column":8},"end":{"line":419,"column":null}},"81":{"start":{"line":422,"column":8},"end":{"line":422,"column":null}},"82":{"start":{"line":424,"column":8},"end":{"line":428,"column":null}},"83":{"start":{"line":430,"column":8},"end":{"line":430,"column":null}},"84":{"start":{"line":431,"column":8},"end":{"line":431,"column":null}},"85":{"start":{"line":432,"column":8},"end":{"line":435,"column":null}},"86":{"start":{"line":437,"column":8},"end":{"line":437,"column":null}},"87":{"start":{"line":443,"column":6},"end":{"line":454,"column":null}},"88":{"start":{"line":444,"column":8},"end":{"line":444,"column":null}},"89":{"start":{"line":445,"column":8},"end":{"line":445,"column":null}},"90":{"start":{"line":446,"column":8},"end":{"line":446,"column":null}},"91":{"start":{"line":447,"column":8},"end":{"line":447,"column":null}},"92":{"start":{"line":448,"column":8},"end":{"line":448,"column":null}},"93":{"start":{"line":449,"column":8},"end":{"line":449,"column":null}},"94":{"start":{"line":450,"column":8},"end":{"line":450,"column":null}},"95":{"start":{"line":452,"column":8},"end":{"line":452,"column":null}},"96":{"start":{"line":453,"column":8},"end":{"line":453,"column":null}},"97":{"start":{"line":458,"column":6},"end":{"line":458,"column":null}},"98":{"start":{"line":462,"column":6},"end":{"line":462,"column":null}},"99":{"start":{"line":463,"column":6},"end":{"line":463,"column":null}},"100":{"start":{"line":464,"column":6},"end":{"line":464,"column":null}},"101":{"start":{"line":465,"column":6},"end":{"line":465,"column":null}},"102":{"start":{"line":466,"column":6},"end":{"line":466,"column":null}}},"fnMap":{"0":{"name":"(anonymous_0)","decl":{"start":{"line":246,"column":9},"end":{"line":246,"column":10}},"loc":{"start":{"line":246,"column":16},"end":{"line":253,"column":3}},"line":246},"1":{"name":"(anonymous_1)","decl":{"start":{"line":256,"column":21},"end":{"line":256,"column":22}},"loc":{"start":{"line":256,"column":32},"end":{"line":256,"column":44}},"line":256},"2":{"name":"(anonymous_2)","decl":{"start":{"line":257,"column":15},"end":{"line":257,"column":16}},"loc":{"start":{"line":257,"column":26},"end":{"line":257,"column":49}},"line":257},"3":{"name":"(anonymous_3)","decl":{"start":{"line":258,"column":21},"end":{"line":258,"column":22}},"loc":{"start":{"line":258,"column":32},"end":{"line":258,"column":68}},"line":258},"4":{"name":"(anonymous_4)","decl":{"start":{"line":259,"column":14},"end":{"line":259,"column":15}},"loc":{"start":{"line":259,"column":25},"end":{"line":259,"column":58}},"line":259},"5":{"name":"(anonymous_5)","decl":{"start":{"line":264,"column":4},"end":{"line":264,"column":20}},"loc":{"start":{"line":264,"column":23},"end":{"line":282,"column":5}},"line":264},"6":{"name":"(anonymous_6)","decl":{"start":{"line":265,"column":31},"end":{"line":265,"column":36}},"loc":{"start":{"line":265,"column":47},"end":{"line":281,"column":7}},"line":265},"7":{"name":"(anonymous_7)","decl":{"start":{"line":285,"column":10},"end":{"line":285,"column":26}},"loc":{"start":{"line":285,"column":32},"end":{"line":301,"column":5}},"line":285},"8":{"name":"(anonymous_8)","decl":{"start":{"line":304,"column":10},"end":{"line":304,"column":27}},"loc":{"start":{"line":304,"column":41},"end":{"line":338,"column":5}},"line":304},"9":{"name":"(anonymous_9)","decl":{"start":{"line":341,"column":10},"end":{"line":341,"column":27}},"loc":{"start":{"line":341,"column":41},"end":{"line":368,"column":5}},"line":341},"10":{"name":"(anonymous_10)","decl":{"start":{"line":371,"column":10},"end":{"line":371,"column":18}},"loc":{"start":{"line":371,"column":36},"end":{"line":405,"column":5}},"line":371},"11":{"name":"(anonymous_11)","decl":{"start":{"line":408,"column":10},"end":{"line":408,"column":15}},"loc":{"start":{"line":408,"column":33},"end":{"line":439,"column":5}},"line":408},"12":{"name":"(anonymous_12)","decl":{"start":{"line":442,"column":10},"end":{"line":442,"column":16}},"loc":{"start":{"line":442,"column":19},"end":{"line":455,"column":5}},"line":442},"13":{"name":"(anonymous_13)","decl":{"start":{"line":457,"column":4},"end":{"line":457,"column":23}},"loc":{"start":{"line":457,"column":26},"end":{"line":459,"column":5}},"line":457},"14":{"name":"(anonymous_14)","decl":{"start":{"line":461,"column":4},"end":{"line":461,"column":10}},"loc":{"start":{"line":461,"column":13},"end":{"line":468,"column":null}},"line":461}},"branchMap":{"0":{"loc":{"start":{"line":257,"column":26},"end":{"line":257,"column":49}},"type":"binary-expr","locations":[{"start":{"line":257,"column":26},"end":{"line":257,"column":43}},{"start":{"line":257,"column":47},"end":{"line":257,"column":49}}],"line":257},"1":{"loc":{"start":{"line":258,"column":32},"end":{"line":258,"column":68}},"type":"binary-expr","locations":[{"start":{"line":258,"column":32},"end":{"line":258,"column":62}},{"start":{"line":258,"column":66},"end":{"line":258,"column":68}}],"line":258},"2":{"loc":{"start":{"line":259,"column":25},"end":{"line":259,"column":58}},"type":"binary-expr","locations":[{"start":{"line":259,"column":25},"end":{"line":259,"column":52}},{"start":{"line":259,"column":56},"end":{"line":259,"column":58}}],"line":259},"3":{"loc":{"start":{"line":270,"column":8},"end":{"line":279,"column":null}},"type":"if","locations":[{"start":{"line":270,"column":8},"end":{"line":279,"column":null}},{"start":{"line":275,"column":15},"end":{"line":279,"column":null}}],"line":270},"4":{"loc":{"start":{"line":291,"column":8},"end":{"line":296,"column":null}},"type":"if","locations":[{"start":{"line":291,"column":8},"end":{"line":296,"column":null}},{"start":{"line":294,"column":15},"end":{"line":296,"column":null}}],"line":291},"5":{"loc":{"start":{"line":305,"column":6},"end":{"line":305,"column":null}},"type":"if","locations":[{"start":{"line":305,"column":6},"end":{"line":305,"column":null}},{"start":{},"end":{}}],"line":305},"6":{"loc":{"start":{"line":342,"column":6},"end":{"line":342,"column":null}},"type":"if","locations":[{"start":{"line":342,"column":6},"end":{"line":342,"column":null}},{"start":{},"end":{}}],"line":342},"7":{"loc":{"start":{"line":377,"column":8},"end":{"line":379,"column":null}},"type":"if","locations":[{"start":{"line":377,"column":8},"end":{"line":379,"column":null}},{"start":{},"end":{}}],"line":377}},"s":{"0":1,"1":11,"2":1,"3":1,"4":0,"5":1,"6":0,"7":0,"8":0,"9":0,"10":0,"11":0,"12":0,"13":0,"14":0,"15":0,"16":0,"17":2,"18":2,"19":2,"20":2,"21":2,"22":0,"23":2,"24":0,"25":0,"26":1,"27":0,"28":1,"29":1,"30":1,"31":1,"32":1,"33":1,"34":1,"35":1,"36":1,"37":0,"38":0,"39":0,"40":1,"41":1,"42":0,"43":1,"44":1,"45":1,"46":1,"47":1,"48":1,"49":1,"50":1,"51":0,"52":0,"53":0,"54":1,"55":2,"56":2,"57":2,"58":2,"59":2,"60":1,"61":1,"62":1,"63":1,"64":1,"65":1,"66":1,"67":1,"68":1,"69":1,"70":2,"71":3,"72":3,"73":3,"74":3,"75":3,"76":3,"77":3,"78":2,"79":2,"80":2,"81":2,"82":2,"83":1,"84":1,"85":1,"86":3,"87":2,"88":2,"89":2,"90":1,"91":1,"92":1,"93":1,"94":1,"95":1,"96":1,"97":0,"98":5,"99":5,"100":5,"101":5,"102":5},"f":{"0":11,"1":1,"2":1,"3":0,"4":1,"5":0,"6":0,"7":2,"8":1,"9":1,"10":2,"11":3,"12":2,"13":0,"14":5},"b":{"0":[1,1],"1":[0,0],"2":[1,1],"3":[0,0],"4":[0,2],"5":[0,1],"6":[0,1],"7":[1,1]},"meta":{"lastBranch":8,"lastFunction":15,"lastStatement":103,"seen":{"s:245:27:470:Infinity":0,"f:246:9:246:10":0,"s:246:16:253:3":1,"f:256:21:256:22":1,"s:256:32:256:44":2,"f:257:15:257:16":2,"s:257:26:257:49":3,"b:257:26:257:43:257:47:257:49":0,"f:258:21:258:22":3,"s:258:32:258:68":4,"b:258:32:258:62:258:66:258:68":1,"f:259:14:259:15":4,"s:259:25:259:58":5,"b:259:25:259:52:259:56:259:58":2,"f:264:4:264:20":5,"s:265:5:281:Infinity":6,"f:265:31:265:36":6,"s:267:8:267:Infinity":7,"s:268:8:268:Infinity":8,"b:270:8:279:Infinity:275:15:279:Infinity":3,"s:270:8:279:Infinity":9,"s:271:10:271:Infinity":10,"s:272:10:272:Infinity":11,"s:274:10:274:Infinity":12,"s:276:10:276:Infinity":13,"s:277:10:277:Infinity":14,"s:278:10:278:Infinity":15,"s:280:8:280:Infinity":16,"f:285:10:285:26":7,"s:286:6:300:Infinity":17,"s:287:22:287:Infinity":18,"s:288:24:288:Infinity":19,"s:290:8:290:Infinity":20,"b:291:8:296:Infinity:294:15:296:Infinity":4,"s:291:8:296:Infinity":21,"s:293:10:293:Infinity":22,"s:295:10:295:Infinity":23,"s:298:8:298:Infinity":24,"s:299:8:299:Infinity":25,"f:304:10:304:27":8,"b:305:6:305:Infinity:undefined:undefined:undefined:undefined":5,"s:305:6:305:Infinity":26,"s:305:22:305:Infinity":27,"s:307:6:307:Infinity":28,"s:308:6:308:Infinity":29,"s:310:6:337:Infinity":30,"s:311:23:311:Infinity":31,"s:314:27:321:Infinity":32,"s:324:8:324:Infinity":33,"s:327:8:327:Infinity":34,"s:328:8:328:Infinity":35,"s:330:8:330:Infinity":36,"s:332:8:332:Infinity":37,"s:333:8:333:Infinity":38,"s:334:8:334:Infinity":39,"s:336:8:336:Infinity":40,"f:341:10:341:27":9,"b:342:6:342:Infinity:undefined:undefined:undefined:undefined":6,"s:342:6:342:Infinity":41,"s:342:22:342:Infinity":42,"s:344:6:344:Infinity":43,"s:345:6:345:Infinity":44,"s:347:6:367:Infinity":45,"s:348:23:348:Infinity":46,"s:350:28:354:Infinity":47,"s:356:8:356:Infinity":48,"s:358:8:358:Infinity":49,"s:360:8:360:Infinity":50,"s:362:8:362:Infinity":51,"s:363:8:363:Infinity":52,"s:364:8:364:Infinity":53,"s:366:8:366:Infinity":54,"f:371:10:371:18":10,"s:372:6:372:Infinity":55,"s:373:6:373:Infinity":56,"s:374:6:404:Infinity":57,"s:375:30:375:Infinity":58,"b:377:8:379:Infinity:undefined:undefined:undefined:undefined":7,"s:377:8:379:Infinity":59,"s:378:10:378:Infinity":60,"s:381:31:381:Infinity":61,"s:382:8:382:Infinity":62,"s:385:8:385:Infinity":63,"s:388:8:388:Infinity":64,"s:389:8:389:Infinity":65,"s:391:8:394:Infinity":66,"s:396:8:396:Infinity":67,"s:397:8:397:Infinity":68,"s:398:8:401:Infinity":69,"s:403:8:403:Infinity":70,"f:408:10:408:15":11,"s:409:6:409:Infinity":71,"s:410:6:410:Infinity":72,"s:411:6:411:Infinity":73,"s:412:6:412:Infinity":74,"s:413:6:438:Infinity":75,"s:414:30:414:Infinity":76,"s:416:31:416:Infinity":77,"s:417:8:417:Infinity":78,"s:418:8:418:Infinity":79,"s:419:8:419:Infinity":80,"s:422:8:422:Infinity":81,"s:424:8:428:Infinity":82,"s:430:8:430:Infinity":83,"s:431:8:431:Infinity":84,"s:432:8:435:Infinity":85,"s:437:8:437:Infinity":86,"f:442:10:442:16":12,"s:443:6:454:Infinity":87,"s:444:8:444:Infinity":88,"s:445:8:445:Infinity":89,"s:446:8:446:Infinity":90,"s:447:8:447:Infinity":91,"s:448:8:448:Infinity":92,"s:449:8:449:Infinity":93,"s:450:8:450:Infinity":94,"s:452:8:452:Infinity":95,"s:453:8:453:Infinity":96,"f:457:4:457:23":13,"s:458:6:458:Infinity":97,"f:461:4:461:10":14,"s:462:6:462:Infinity":98,"s:463:6:463:Infinity":99,"s:464:6:464:Infinity":100,"s:465:6:465:Infinity":101,"s:466:6:466:Infinity":102}}}
,"C:\\Users\\PC\\OneDrive\\Documents\\cursos\\talento digital - frontend\\modulo7\\practicas\\m7-bursatil-vue\\src\\utils\\sanitize.js": {"path":"C:\\Users\\PC\\OneDrive\\Documents\\cursos\\talento digital - frontend\\modulo7\\practicas\\m7-bursatil-vue\\src\\utils\\sanitize.js","statementMap":{"0":{"start":{"line":5,"column":0},"end":{"line":10,"column":null}},"1":{"start":{"line":12,"column":29},"end":{"line":17,"column":null}},"2":{"start":{"line":13,"column":2},"end":{"line":15,"column":null}},"3":{"start":{"line":14,"column":4},"end":{"line":14,"column":null}},"4":{"start":{"line":16,"column":2},"end":{"line":16,"column":null}},"5":{"start":{"line":19,"column":30},"end":{"line":27,"column":null}},"6":{"start":{"line":20,"column":20},"end":{"line":20,"column":null}},"7":{"start":{"line":21,"column":2},"end":{"line":25,"column":null}},"8":{"start":{"line":22,"column":4},"end":{"line":24,"column":null}},"9":{"start":{"line":23,"column":6},"end":{"line":23,"column":null}},"10":{"start":{"line":26,"column":2},"end":{"line":26,"column":null}},"11":{"start":{"line":30,"column":28},"end":{"line":32,"column":null}},"12":{"start":{"line":31,"column":2},"end":{"line":31,"column":null}}},"fnMap":{"0":{"name":"(anonymous_0)","decl":{"start":{"line":12,"column":29},"end":{"line":12,"column":30}},"loc":{"start":{"line":12,"column":40},"end":{"line":17,"column":null}},"line":12},"1":{"name":"(anonymous_1)","decl":{"start":{"line":19,"column":30},"end":{"line":19,"column":31}},"loc":{"start":{"line":19,"column":39},"end":{"line":27,"column":null}},"line":19},"2":{"name":"(anonymous_2)","decl":{"start":{"line":30,"column":28},"end":{"line":30,"column":29}},"loc":{"start":{"line":30,"column":38},"end":{"line":32,"column":null}},"line":30}},"branchMap":{"0":{"loc":{"start":{"line":13,"column":2},"end":{"line":15,"column":null}},"type":"if","locations":[{"start":{"line":13,"column":2},"end":{"line":15,"column":null}},{"start":{},"end":{}}],"line":13},"1":{"loc":{"start":{"line":22,"column":4},"end":{"line":24,"column":null}},"type":"if","locations":[{"start":{"line":22,"column":4},"end":{"line":24,"column":null}},{"start":{},"end":{}}],"line":22}},"s":{"0":1,"1":1,"2":9,"3":9,"4":0,"5":1,"6":0,"7":0,"8":0,"9":0,"10":0,"11":1,"12":0},"f":{"0":9,"1":0,"2":0},"b":{"0":[9,0],"1":[0,0]},"meta":{"lastBranch":2,"lastFunction":3,"lastStatement":13,"seen":{"s:5:0:10:Infinity":0,"s:12:29:17:Infinity":1,"f:12:29:12:30":0,"b:13:2:15:Infinity:undefined:undefined:undefined:undefined":0,"s:13:2:15:Infinity":2,"s:14:4:14:Infinity":3,"s:16:2:16:Infinity":4,"s:19:30:27:Infinity":5,"f:19:30:19:31":1,"s:20:20:20:Infinity":6,"s:21:2:25:Infinity":7,"b:22:4:24:Infinity:undefined:undefined:undefined:undefined":1,"s:22:4:24:Infinity":8,"s:23:6:23:Infinity":9,"s:26:2:26:Infinity":10,"s:30:28:32:Infinity":11,"f:30:28:30:29":2,"s:31:2:31:Infinity":12}}}
}
